{"level":"info","message":"::1 - - [27/Aug/2024:13:46:37 +0000] \"POST /api/v1/auth/register HTTP/1.1\" 400 266 \"-\" \"PostmanRuntime/7.41.2\"","timestamp":"2024-08-27T13:46:37.833Z"}
{"level":"info","message":"::1 - - [27/Aug/2024:13:46:55 +0000] \"POST /api/v1/auth/register HTTP/1.1\" 201 520 \"-\" \"PostmanRuntime/7.41.2\"","timestamp":"2024-08-27T13:46:55.231Z"}
{"level":"info","message":"::1 - - [27/Aug/2024:13:47:23 +0000] \"POST /api/v1/auth/login HTTP/1.1\" 200 50 \"-\" \"PostmanRuntime/7.41.2\"","timestamp":"2024-08-27T13:47:23.510Z"}
{"level":"info","message":"::1 - - [27/Aug/2024:13:47:47 +0000] \"POST /api/v1/auth/verify-login-code HTTP/1.1\" 200 194 \"-\" \"PostmanRuntime/7.41.2\"","timestamp":"2024-08-27T13:47:47.798Z"}
{"level":"info","message":"::1 - - [27/Aug/2024:13:54:10 +0000] \"GET //api/v1/foods HTTP/1.1\" 404 152 \"-\" \"PostmanRuntime/7.41.2\"","timestamp":"2024-08-27T13:54:10.293Z"}
{"level":"info","message":"::1 - - [27/Aug/2024:13:54:18 +0000] \"GET /api/v1/foods HTTP/1.1\" 200 58 \"-\" \"PostmanRuntime/7.41.2\"","timestamp":"2024-08-27T13:54:18.722Z"}
{"level":"info","message":"::1 - - [27/Aug/2024:13:55:52 +0000] \"POST /api/v1/foods HTTP/1.1\" 201 284 \"-\" \"PostmanRuntime/7.41.2\"","timestamp":"2024-08-27T13:55:52.587Z"}
{"level":"info","message":"::1 - - [27/Aug/2024:13:56:20 +0000] \"GET /api/v1/foods HTTP/1.1\" 200 282 \"-\" \"PostmanRuntime/7.41.2\"","timestamp":"2024-08-27T13:56:20.226Z"}
{"level":"info","message":"::1 - - [27/Aug/2024:13:56:37 +0000] \"GET /api/v1/foods/66cddae8af1ee63838bf6aa4 HTTP/1.1\" 401 29 \"-\" \"PostmanRuntime/7.41.2\"","timestamp":"2024-08-27T13:56:37.054Z"}
{"level":"info","message":"::1 - - [27/Aug/2024:13:56:44 +0000] \"GET /api/v1/foods/66cddae8af1ee63838bf6aa4 HTTP/1.1\" 200 44 \"-\" \"PostmanRuntime/7.41.2\"","timestamp":"2024-08-27T13:56:44.259Z"}
{"level":"info","message":"::1 - - [27/Aug/2024:13:57:17 +0000] \"DELETE /api/v1/foods/66cddae8af1ee63838bf6aa4 HTTP/1.1\" 200 44 \"-\" \"PostmanRuntime/7.41.2\"","timestamp":"2024-08-27T13:57:17.490Z"}
{"level":"info","message":"::1 - - [27/Aug/2024:13:59:04 +0000] \"DELETE /api/v1/foods/66cddae8af1ee63838bf6aa4 HTTP/1.1\" 404 31 \"-\" \"PostmanRuntime/7.41.2\"","timestamp":"2024-08-27T13:59:04.715Z"}
{"level":"info","message":"::1 - - [27/Aug/2024:14:00:04 +0000] \"GET /api/v1/exercises HTTP/1.1\" 200 61 \"-\" \"PostmanRuntime/7.41.2\"","timestamp":"2024-08-27T14:00:04.920Z"}
{"level":"info","message":"::1 - - [27/Aug/2024:14:01:54 +0000] \"POST /api/v1/exercises HTTP/1.1\" 201 309 \"-\" \"PostmanRuntime/7.41.2\"","timestamp":"2024-08-27T14:01:54.307Z"}
{"level":"info","message":"::1 - - [27/Aug/2024:14:02:28 +0000] \"GET /api/v1/exercises HTTP/1.1\" 200 307 \"-\" \"PostmanRuntime/7.41.2\"","timestamp":"2024-08-27T14:02:28.777Z"}
{"level":"info","message":"::1 - - [27/Aug/2024:15:55:36 +0000] \"GET /api/v1/exercises HTTP/1.1\" 401 75 \"-\" \"PostmanRuntime/7.41.2\"","timestamp":"2024-08-27T15:55:36.021Z"}
{"level":"info","message":"::1 - - [27/Aug/2024:15:56:09 +0000] \"POST /api/v1/auth/refresh-token HTTP/1.1\" 200 194 \"-\" \"PostmanRuntime/7.41.2\"","timestamp":"2024-08-27T15:56:09.341Z"}
{"level":"info","message":"::1 - - [27/Aug/2024:15:56:18 +0000] \"GET /api/v1/exercises/ HTTP/1.1\" 401 29 \"-\" \"PostmanRuntime/7.41.2\"","timestamp":"2024-08-27T15:56:18.463Z"}
{"level":"info","message":"::1 - - [27/Aug/2024:15:56:27 +0000] \"GET /api/v1/exercises/ HTTP/1.1\" 200 61 \"-\" \"PostmanRuntime/7.41.2\"","timestamp":"2024-08-27T15:56:27.437Z"}
{"level":"info","message":"::1 - - [27/Aug/2024:15:56:33 +0000] \"POST /api/v1/exercises HTTP/1.1\" 201 309 \"-\" \"PostmanRuntime/7.41.2\"","timestamp":"2024-08-27T15:56:33.627Z"}
{"level":"info","message":"::1 - - [27/Aug/2024:15:56:38 +0000] \"GET /api/v1/exercises HTTP/1.1\" 200 307 \"-\" \"PostmanRuntime/7.41.2\"","timestamp":"2024-08-27T15:56:38.552Z"}
{"level":"info","message":"::1 - - [27/Aug/2024:15:56:50 +0000] \"GET /api/v1/exercises/66cdf731f32d45a903b91fdb HTTP/1.1\" 200 254 \"-\" \"PostmanRuntime/7.41.2\"","timestamp":"2024-08-27T15:56:50.132Z"}
{"level":"info","message":"::1 - - [27/Aug/2024:15:57:28 +0000] \"GET /api/v1/exercises HTTP/1.1\" 200 307 \"-\" \"PostmanRuntime/7.41.2\"","timestamp":"2024-08-27T15:57:28.259Z"}
{"level":"info","message":"::1 - - [27/Aug/2024:15:58:08 +0000] \"DELETE /api/v1/exercises/66cdf731f32d45a903b91fdb HTTP/1.1\" 200 43 \"-\" \"PostmanRuntime/7.41.2\"","timestamp":"2024-08-27T15:58:08.965Z"}
{"level":"info","message":"::1 - - [27/Aug/2024:16:01:05 +0000] \"GET /api/v1/meals HTTP/1.1\" 200 42 \"-\" \"PostmanRuntime/7.41.2\"","timestamp":"2024-08-27T16:01:05.972Z"}
{"level":"info","message":"::1 - - [27/Aug/2024:16:02:17 +0000] \"GET /api/v1/meals HTTP/1.1\" 401 29 \"-\" \"PostmanRuntime/7.41.2\"","timestamp":"2024-08-27T16:02:17.999Z"}
{"level":"info","message":"::1 - - [27/Aug/2024:16:02:23 +0000] \"GET /api/v1/meals HTTP/1.1\" 200 53 \"-\" \"PostmanRuntime/7.41.2\"","timestamp":"2024-08-27T16:02:23.166Z"}
{"level":"info","message":"::1 - - [27/Aug/2024:16:03:29 +0000] \"GET /api/v1/foods HTTP/1.1\" 200 58 \"-\" \"PostmanRuntime/7.41.2\"","timestamp":"2024-08-27T16:03:29.413Z"}
{"level":"info","message":"::1 - - [27/Aug/2024:16:03:33 +0000] \"POST /api/v1/foods HTTP/1.1\" 201 284 \"-\" \"PostmanRuntime/7.41.2\"","timestamp":"2024-08-27T16:03:33.622Z"}
{"level":"info","message":"::1 - - [27/Aug/2024:16:04:08 +0000] \"POST /api/v1/foods HTTP/1.1\" 201 281 \"-\" \"PostmanRuntime/7.41.2\"","timestamp":"2024-08-27T16:04:08.498Z"}
{"level":"info","message":"::1 - - [27/Aug/2024:16:04:24 +0000] \"GET /api/v1/foods HTTP/1.1\" 200 504 \"-\" \"PostmanRuntime/7.41.2\"","timestamp":"2024-08-27T16:04:24.437Z"}
{"level":"info","message":"::1 - - [27/Aug/2024:16:04:47 +0000] \"POST /api/v1/meals HTTP/1.1\" 201 129 \"-\" \"PostmanRuntime/7.41.2\"","timestamp":"2024-08-27T16:04:47.243Z"}
{"level":"info","message":"::1 - - [27/Aug/2024:16:04:59 +0000] \"GET /api/v1/meals HTTP/1.1\" 200 174 \"-\" \"PostmanRuntime/7.41.2\"","timestamp":"2024-08-27T16:04:59.380Z"}
{"level":"info","message":"::1 - - [27/Aug/2024:16:05:38 +0000] \"GET /api/v1/meals HTTP/1.1\" 200 174 \"-\" \"PostmanRuntime/7.41.2\"","timestamp":"2024-08-27T16:05:38.107Z"}
{"level":"info","message":"::1 - - [27/Aug/2024:16:05:57 +0000] \"GET /api/v1/meals/66cdf91fb49fad0a26dc950d HTTP/1.1\" 401 29 \"-\" \"PostmanRuntime/7.41.2\"","timestamp":"2024-08-27T16:05:57.745Z"}
{"level":"info","message":"::1 - - [27/Aug/2024:16:06:03 +0000] \"GET /api/v1/meals/66cdf91fb49fad0a26dc950d HTTP/1.1\" 200 538 \"-\" \"PostmanRuntime/7.41.2\"","timestamp":"2024-08-27T16:06:03.029Z"}
{"level":"info","message":"::1 - - [27/Aug/2024:16:06:36 +0000] \"DELETE /api/v1/meals/66cdf91fb49fad0a26dc950d HTTP/1.1\" 401 29 \"-\" \"PostmanRuntime/7.41.2\"","timestamp":"2024-08-27T16:06:36.038Z"}
{"level":"info","message":"::1 - - [27/Aug/2024:16:06:41 +0000] \"DELETE /api/v1/meals/66cdf91fb49fad0a26dc950d HTTP/1.1\" 204 - \"-\" \"PostmanRuntime/7.41.2\"","timestamp":"2024-08-27T16:06:41.017Z"}
{"level":"info","message":"::1 - - [27/Aug/2024:16:06:47 +0000] \"DELETE /api/v1/meals/66cdf91fb49fad0a26dc950d HTTP/1.1\" 404 26 \"-\" \"PostmanRuntime/7.41.2\"","timestamp":"2024-08-27T16:06:47.004Z"}
{"level":"info","message":"::1 - - [27/Aug/2024:16:06:52 +0000] \"DELETE /api/v1/meals/66cdf91fb49fad0a26dc950d HTTP/1.1\" 404 26 \"-\" \"PostmanRuntime/7.41.2\"","timestamp":"2024-08-27T16:06:52.464Z"}
{"level":"info","message":"::1 - - [27/Aug/2024:16:07:07 +0000] \"DELETE /api/v1/meals/66cdf91fb49fad0a26dc950d HTTP/1.1\" 404 26 \"-\" \"PostmanRuntime/7.41.2\"","timestamp":"2024-08-27T16:07:07.827Z"}
{"level":"info","message":"::1 - - [27/Aug/2024:16:07:37 +0000] \"POST /api/v1/meals HTTP/1.1\" 201 129 \"-\" \"PostmanRuntime/7.41.2\"","timestamp":"2024-08-27T16:07:37.225Z"}
{"level":"info","message":"::1 - - [27/Aug/2024:16:08:10 +0000] \"GET /api/v1/meals HTTP/1.1\" 200 174 \"-\" \"PostmanRuntime/7.41.2\"","timestamp":"2024-08-27T16:08:10.630Z"}
{"level":"info","message":"::1 - - [27/Aug/2024:16:08:16 +0000] \"PUT /api/v1/meals/66cdf9c9b49fad0a26dc9520 HTTP/1.1\" 200 305 \"-\" \"PostmanRuntime/7.41.2\"","timestamp":"2024-08-27T16:08:16.268Z"}
{"level":"info","message":"::1 - - [27/Aug/2024:16:11:21 +0000] \"GET /api/v1/exercises HTTP/1.1\" 401 75 \"-\" \"PostmanRuntime/7.41.2\"","timestamp":"2024-08-27T16:11:21.959Z"}
{"level":"info","message":"::1 - - [27/Aug/2024:16:11:31 +0000] \"GET /api/v1/exercises HTTP/1.1\" 401 75 \"-\" \"PostmanRuntime/7.41.2\"","timestamp":"2024-08-27T16:11:31.717Z"}
{"level":"info","message":"::1 - - [27/Aug/2024:16:11:40 +0000] \"POST /api/v1/auth/refresh-token HTTP/1.1\" 200 194 \"-\" \"PostmanRuntime/7.41.2\"","timestamp":"2024-08-27T16:11:40.439Z"}
{"level":"info","message":"::1 - - [27/Aug/2024:16:12:12 +0000] \"GET /api/v1/exercises HTTP/1.1\" 200 61 \"-\" \"PostmanRuntime/7.41.2\"","timestamp":"2024-08-27T16:12:12.985Z"}
{"level":"info","message":"::1 - - [27/Aug/2024:16:12:17 +0000] \"POST /api/v1/exercises HTTP/1.1\" 201 309 \"-\" \"PostmanRuntime/7.41.2\"","timestamp":"2024-08-27T16:12:17.412Z"}
{"level":"info","message":"::1 - - [27/Aug/2024:16:12:23 +0000] \"GET /api/v1/exercises HTTP/1.1\" 200 307 \"-\" \"PostmanRuntime/7.41.2\"","timestamp":"2024-08-27T16:12:23.238Z"}
{"level":"info","message":"::1 - - [27/Aug/2024:16:13:12 +0000] \"PUT /api/v1/exercises/66cdf731f32d45a903b91fdb HTTP/1.1\" 404 30 \"-\" \"PostmanRuntime/7.41.2\"","timestamp":"2024-08-27T16:13:12.170Z"}
{"level":"info","message":"::1 - - [27/Aug/2024:16:13:23 +0000] \"GET /api/v1/exercises HTTP/1.1\" 200 307 \"-\" \"PostmanRuntime/7.41.2\"","timestamp":"2024-08-27T16:13:23.869Z"}
{"level":"info","message":"::1 - - [27/Aug/2024:16:13:31 +0000] \"PUT /api/v1/exercises/66cdfae1b49fad0a26dc952b HTTP/1.1\" 200 309 \"-\" \"PostmanRuntime/7.41.2\"","timestamp":"2024-08-27T16:13:31.702Z"}
{"level":"info","message":"::1 - - [27/Aug/2024:16:14:58 +0000] \"PUT /api/v1/foods/66cddae8af1ee63838bf6aa4 HTTP/1.1\" 401 29 \"-\" \"PostmanRuntime/7.41.2\"","timestamp":"2024-08-27T16:14:58.394Z"}
{"level":"info","message":"::1 - - [27/Aug/2024:16:15:16 +0000] \"GET /api/v1/foods HTTP/1.1\" 200 504 \"-\" \"PostmanRuntime/7.41.2\"","timestamp":"2024-08-27T16:15:16.055Z"}
{"level":"info","message":"::1 - - [27/Aug/2024:16:15:53 +0000] \"PUT /api/v1/foods/66cddae8af1ee63838bf6aa4 HTTP/1.1\" 404 31 \"-\" \"PostmanRuntime/7.41.2\"","timestamp":"2024-08-27T16:15:53.966Z"}
{"level":"info","message":"::1 - - [27/Aug/2024:16:16:04 +0000] \"PUT /api/v1/foods/66cdf8f8b49fad0a26dc9507 HTTP/1.1\" 200 282 \"-\" \"PostmanRuntime/7.41.2\"","timestamp":"2024-08-27T16:16:04.611Z"}
{"level":"info","message":"::1 - - [27/Aug/2024:16:16:09 +0000] \"GET /api/v1/foods HTTP/1.1\" 200 505 \"-\" \"PostmanRuntime/7.41.2\"","timestamp":"2024-08-27T16:16:09.430Z"}
{"level":"info","message":"::1 - - [27/Aug/2024:16:18:07 +0000] \"GET /api/v1/workout-plans HTTP/1.1\" 401 29 \"-\" \"PostmanRuntime/7.41.2\"","timestamp":"2024-08-27T16:18:07.505Z"}
{"level":"info","message":"::1 - - [27/Aug/2024:16:18:13 +0000] \"GET /api/v1/workout-plans HTTP/1.1\" 404 159 \"-\" \"PostmanRuntime/7.41.2\"","timestamp":"2024-08-27T16:18:13.387Z"}
{"level":"info","message":"::1 - - [27/Aug/2024:16:18:45 +0000] \"GET /api/v1/workout-plans HTTP/1.1\" 404 159 \"-\" \"PostmanRuntime/7.41.2\"","timestamp":"2024-08-27T16:18:45.567Z"}
{"level":"info","message":"::1 - - [27/Aug/2024:16:18:58 +0000] \"GET //api/v1/workout-plans HTTP/1.1\" 404 160 \"-\" \"PostmanRuntime/7.41.2\"","timestamp":"2024-08-27T16:18:58.145Z"}
{"level":"info","message":"::1 - - [27/Aug/2024:16:19:02 +0000] \"GET /api/v1/workout-plans HTTP/1.1\" 404 159 \"-\" \"PostmanRuntime/7.41.2\"","timestamp":"2024-08-27T16:19:02.909Z"}
{"level":"info","message":"::1 - - [27/Aug/2024:16:19:43 +0000] \"POST /api/v1/workout-plans HTTP/1.1\" 400 382 \"-\" \"PostmanRuntime/7.41.2\"","timestamp":"2024-08-27T16:19:43.561Z"}
{"level":"info","message":"::1 - - [27/Aug/2024:16:20:23 +0000] \"GET /api/v1/exercises HTTP/1.1\" 200 307 \"-\" \"PostmanRuntime/7.41.2\"","timestamp":"2024-08-27T16:20:23.172Z"}
{"level":"info","message":"::1 - - [27/Aug/2024:16:20:42 +0000] \"GET /api/v1/users HTTP/1.1\" 200 1839 \"-\" \"PostmanRuntime/7.41.2\"","timestamp":"2024-08-27T16:20:42.873Z"}
{"level":"info","message":"::1 - - [27/Aug/2024:16:21:22 +0000] \"POST /api/v1/workout-plans HTTP/1.1\" 400 196 \"-\" \"PostmanRuntime/7.41.2\"","timestamp":"2024-08-27T16:21:22.088Z"}
{"level":"info","message":"::1 - - [27/Aug/2024:16:21:28 +0000] \"POST /api/v1/workout-plans HTTP/1.1\" 201 280 \"-\" \"PostmanRuntime/7.41.2\"","timestamp":"2024-08-27T16:21:28.471Z"}
{"level":"info","message":"::1 - - [27/Aug/2024:16:22:27 +0000] \"GET /api/v1/workout-plans/ HTTP/1.1\" 401 29 \"-\" \"PostmanRuntime/7.41.2\"","timestamp":"2024-08-27T16:22:27.150Z"}
{"level":"info","message":"::1 - - [27/Aug/2024:16:23:11 +0000] \"GET /api/v1/workout-plans/66ccb293713018c9077af93b HTTP/1.1\" 200 50 \"-\" \"PostmanRuntime/7.41.2\"","timestamp":"2024-08-27T16:23:11.598Z"}
{"level":"info","message":"::1 - - [27/Aug/2024:16:23:36 +0000] \"GET /api/v1/workout-plans/66ccb293713018c9077af93b HTTP/1.1\" 200 50 \"-\" \"PostmanRuntime/7.41.2\"","timestamp":"2024-08-27T16:23:36.442Z"}
{"level":"info","message":"::1 - - [27/Aug/2024:16:25:19 +0000] \"GET /api/v1/workout-plans?userId66ccb293713018c9077af93b HTTP/1.1\" 404 159 \"-\" \"PostmanRuntime/7.41.2\"","timestamp":"2024-08-27T16:25:19.979Z"}
{"level":"info","message":"::1 - - [27/Aug/2024:16:26:31 +0000] \"GET /api/v1/workout-plans?userId=66ccb293713018c9077af93b HTTP/1.1\" 404 159 \"-\" \"PostmanRuntime/7.41.2\"","timestamp":"2024-08-27T16:26:31.329Z"}
{"level":"info","message":"::1 - - [27/Aug/2024:16:28:24 +0000] \"GET /api/v1/workout-plans?userId=66ccb293713018c9077af93b HTTP/1.1\" 401 75 \"-\" \"PostmanRuntime/7.41.2\"","timestamp":"2024-08-27T16:28:25.000Z"}
{"level":"info","message":"::1 - - [27/Aug/2024:16:28:34 +0000] \"POST /api/v1/auth/refresh-token HTTP/1.1\" 200 194 \"-\" \"PostmanRuntime/7.41.2\"","timestamp":"2024-08-27T16:28:34.288Z"}
{"level":"info","message":"::1 - - [27/Aug/2024:16:28:41 +0000] \"GET /api/v1/workout-plans?userId=66ccb293713018c9077af93b HTTP/1.1\" 200 340 \"-\" \"PostmanRuntime/7.41.2\"","timestamp":"2024-08-27T16:28:41.487Z"}
{"level":"info","message":"::1 - - [27/Aug/2024:16:29:25 +0000] \"DELETE /api/v1/workout-plans/66ccb293713018c9077af93b HTTP/1.1\" 401 29 \"-\" \"PostmanRuntime/7.41.2\"","timestamp":"2024-08-27T16:29:25.533Z"}
{"level":"info","message":"::1 - - [27/Aug/2024:16:29:31 +0000] \"DELETE /api/v1/workout-plans/66ccb293713018c9077af93b HTTP/1.1\" 404 36 \"-\" \"PostmanRuntime/7.41.2\"","timestamp":"2024-08-27T16:29:31.445Z"}
{"level":"info","message":"::1 - - [27/Aug/2024:16:29:39 +0000] \"GET /api/v1/workout-plans?userId=66ccb293713018c9077af93b HTTP/1.1\" 200 340 \"-\" \"PostmanRuntime/7.41.2\"","timestamp":"2024-08-27T16:29:39.400Z"}
{"level":"info","message":"::1 - - [27/Aug/2024:16:29:52 +0000] \"DELETE /api/v1/workout-plans/66cdfd08b49fad0a26dc9547 HTTP/1.1\" 200 34 \"-\" \"PostmanRuntime/7.41.2\"","timestamp":"2024-08-27T16:29:52.009Z"}
{"level":"info","message":"::1 - - [27/Aug/2024:16:29:57 +0000] \"GET /api/v1/workout-plans?userId=66ccb293713018c9077af93b HTTP/1.1\" 200 68 \"-\" \"PostmanRuntime/7.41.2\"","timestamp":"2024-08-27T16:29:57.602Z"}
{"level":"info","message":"::1 - - [27/Aug/2024:16:32:00 +0000] \"PUT /api/v1/workout-plans/66cdfd08b49fad0a26dc9547 HTTP/1.1\" 404 36 \"-\" \"PostmanRuntime/7.41.2\"","timestamp":"2024-08-27T16:32:00.120Z"}
{"level":"info","message":"::1 - - [27/Aug/2024:16:32:08 +0000] \"POST /api/v1/workout-plans HTTP/1.1\" 201 280 \"-\" \"PostmanRuntime/7.41.2\"","timestamp":"2024-08-27T16:32:08.454Z"}
{"level":"info","message":"::1 - - [27/Aug/2024:16:32:37 +0000] \"GET /api/v1/workout-plans?userId=66ccb293713018c9077af93b HTTP/1.1\" 200 340 \"-\" \"PostmanRuntime/7.41.2\"","timestamp":"2024-08-27T16:32:37.215Z"}
{"level":"info","message":"::1 - - [27/Aug/2024:16:33:10 +0000] \"PUT /api/v1/workout-plans/66cdff88e2b2438dafaac42e HTTP/1.1\" 400 105 \"-\" \"PostmanRuntime/7.41.2\"","timestamp":"2024-08-27T16:33:10.187Z"}
{"level":"info","message":"::1 - - [27/Aug/2024:16:33:20 +0000] \"PUT /api/v1/workout-plans/66cdff88e2b2438dafaac42e HTTP/1.1\" 400 105 \"-\" \"PostmanRuntime/7.41.2\"","timestamp":"2024-08-27T16:33:20.805Z"}
{"level":"info","message":"::1 - - [27/Aug/2024:16:33:26 +0000] \"PUT /api/v1/workout-plans/66cdff88e2b2438dafaac42e HTTP/1.1\" 200 280 \"-\" \"PostmanRuntime/7.41.2\"","timestamp":"2024-08-27T16:33:26.797Z"}
{"level":"info","message":"::1 - - [27/Aug/2024:16:49:43 +0000] \"GET /api/v1/subscriptions HTTP/1.1\" 401 75 \"-\" \"PostmanRuntime/7.41.2\"","timestamp":"2024-08-27T16:49:43.484Z"}
{"level":"info","message":"::1 - - [27/Aug/2024:16:49:55 +0000] \"POST /api/v1/auth/refresh-token HTTP/1.1\" 200 194 \"-\" \"PostmanRuntime/7.41.2\"","timestamp":"2024-08-27T16:49:55.428Z"}
{"level":"info","message":"::1 - - [27/Aug/2024:16:50:00 +0000] \"GET /api/v1/subscriptions HTTP/1.1\" 200 69 \"-\" \"PostmanRuntime/7.41.2\"","timestamp":"2024-08-27T16:50:00.303Z"}
{"level":"info","message":"::1 - - [27/Aug/2024:16:51:46 +0000] \"GET /api/v1/api/subscriptions/64d7d24e0d2c9b5f1001234d HTTP/1.1\" 404 188 \"-\" \"PostmanRuntime/7.41.2\"","timestamp":"2024-08-27T16:51:46.956Z"}
{"level":"info","message":"::1 - - [27/Aug/2024:16:51:53 +0000] \"GET /api/v1/api/subscriptions/64d7d24e0d2c9b5f1001234d HTTP/1.1\" 404 188 \"-\" \"PostmanRuntime/7.41.2\"","timestamp":"2024-08-27T16:51:53.372Z"}
{"level":"info","message":"::1 - - [27/Aug/2024:16:52:33 +0000] \"DELETE /api/v1/api/subscriptions/64d7d24e0d2c9b5f1001234d HTTP/1.1\" 404 191 \"-\" \"PostmanRuntime/7.41.2\"","timestamp":"2024-08-27T16:52:33.434Z"}
{"level":"info","message":"::1 - - [27/Aug/2024:16:52:40 +0000] \"DELETE /api/v1/api/subscriptions/64d7d24e0d2c9b5f1001234d HTTP/1.1\" 404 191 \"-\" \"PostmanRuntime/7.41.2\"","timestamp":"2024-08-27T16:52:40.130Z"}
{"level":"info","message":"::1 - - [27/Aug/2024:16:52:59 +0000] \"DELETE /api/v1/subscriptions/64d7d24e0d2c9b5f1001234d HTTP/1.1\" 404 34 \"-\" \"PostmanRuntime/7.41.2\"","timestamp":"2024-08-27T16:52:59.317Z"}
{"level":"info","message":"::1 - - [27/Aug/2024:16:55:04 +0000] \"GET /api/v1/users HTTP/1.1\" 200 1839 \"-\" \"PostmanRuntime/7.41.2\"","timestamp":"2024-08-27T16:55:04.868Z"}
